18:57:20.905 [main] INFO  testCases.TC_001_AccountRegistrationtTest - ***  Starting TC_001_AccountRegistrationTest ***
18:57:21.051 [main] INFO  testCases.TC_001_AccountRegistrationtTest - Clicked on My account link
18:57:24.438 [main] INFO  testCases.TC_001_AccountRegistrationtTest - Clicked on register link
18:57:24.440 [main] INFO  testCases.TC_001_AccountRegistrationtTest - Providing customer data
18:57:26.103 [main] INFO  testCases.TC_001_AccountRegistrationtTest - Clicked on continue
18:57:26.175 [main] INFO  testCases.TC_001_AccountRegistrationtTest - Validating expected message
18:57:26.178 [main] INFO  testCases.TC_001_AccountRegistrationtTest - ***  Finished TC_001_AccountRegistrationTest ***
18:57:26.328 [AsyncHttpClient-1-4] WARN  org.asynchttpclient.netty.handler.WebSocketHandler - onError
java.net.SocketException: Connection reset
	at sun.nio.ch.SocketChannelImpl.throwConnectionReset(SocketChannelImpl.java:394) ~[?:?]
	at sun.nio.ch.SocketChannelImpl.read(SocketChannelImpl.java:426) ~[?:?]
	at io.netty.buffer.PooledByteBuf.setBytes(PooledByteBuf.java:256) ~[netty-buffer-4.1.92.Final.jar:4.1.92.Final]
	at io.netty.buffer.AbstractByteBuf.writeBytes(AbstractByteBuf.java:1132) ~[netty-buffer-4.1.92.Final.jar:4.1.92.Final]
	at io.netty.channel.socket.nio.NioSocketChannel.doReadBytes(NioSocketChannel.java:357) ~[netty-transport-4.1.92.Final.jar:4.1.92.Final]
	at io.netty.channel.nio.AbstractNioByteChannel$NioByteUnsafe.read(AbstractNioByteChannel.java:151) [netty-transport-4.1.92.Final.jar:4.1.92.Final]
	at io.netty.channel.nio.NioEventLoop.processSelectedKey(NioEventLoop.java:788) [netty-transport-4.1.92.Final.jar:4.1.92.Final]
	at io.netty.channel.nio.NioEventLoop.processSelectedKeysOptimized(NioEventLoop.java:724) [netty-transport-4.1.92.Final.jar:4.1.92.Final]
	at io.netty.channel.nio.NioEventLoop.processSelectedKeys(NioEventLoop.java:650) [netty-transport-4.1.92.Final.jar:4.1.92.Final]
	at io.netty.channel.nio.NioEventLoop.run(NioEventLoop.java:562) [netty-transport-4.1.92.Final.jar:4.1.92.Final]
	at io.netty.util.concurrent.SingleThreadEventExecutor$4.run(SingleThreadEventExecutor.java:997) [netty-common-4.1.92.Final.jar:4.1.92.Final]
	at io.netty.util.internal.ThreadExecutorMap$2.run(ThreadExecutorMap.java:74) [netty-common-4.1.92.Final.jar:4.1.92.Final]
	at io.netty.util.concurrent.FastThreadLocalRunnable.run(FastThreadLocalRunnable.java:30) [netty-common-4.1.92.Final.jar:4.1.92.Final]
	at java.lang.Thread.run(Thread.java:833) [?:?]
19:33:28.728 [main] INFO  testCases.TC_001_AccountRegistrationtTest - ***  Starting TC_001_AccountRegistrationTest ***
19:33:28.828 [main] INFO  testCases.TC_001_AccountRegistrationtTest - Clicked on My account link
19:33:31.448 [main] INFO  testCases.TC_001_AccountRegistrationtTest - Clicked on register link
19:33:31.450 [main] INFO  testCases.TC_001_AccountRegistrationtTest - Providing customer data
19:33:32.449 [main] INFO  testCases.TC_001_AccountRegistrationtTest - Clicked on continue
19:33:32.486 [main] INFO  testCases.TC_001_AccountRegistrationtTest - Validating expected message
19:33:32.488 [main] INFO  testCases.TC_001_AccountRegistrationtTest - ***  Finished TC_001_AccountRegistrationTest ***
10:51:50.322 [main] INFO  testCases.TC_002_LoginTest - Starting TC_002_LoginTest
10:51:52.523 [main] INFO  testCases.TC_002_LoginTest -  Finished TC_002_LoginTest
10:51:52.571 [AsyncHttpClient-1-4] WARN  org.asynchttpclient.netty.handler.WebSocketHandler - onError
java.net.SocketException: Connection reset
	at sun.nio.ch.SocketChannelImpl.throwConnectionReset(SocketChannelImpl.java:394) ~[?:?]
	at sun.nio.ch.SocketChannelImpl.read(SocketChannelImpl.java:426) ~[?:?]
	at io.netty.buffer.PooledByteBuf.setBytes(PooledByteBuf.java:256) ~[netty-buffer-4.1.92.Final.jar:4.1.92.Final]
	at io.netty.buffer.AbstractByteBuf.writeBytes(AbstractByteBuf.java:1132) ~[netty-buffer-4.1.92.Final.jar:4.1.92.Final]
	at io.netty.channel.socket.nio.NioSocketChannel.doReadBytes(NioSocketChannel.java:357) ~[netty-transport-4.1.92.Final.jar:4.1.92.Final]
	at io.netty.channel.nio.AbstractNioByteChannel$NioByteUnsafe.read(AbstractNioByteChannel.java:151) [netty-transport-4.1.92.Final.jar:4.1.92.Final]
	at io.netty.channel.nio.NioEventLoop.processSelectedKey(NioEventLoop.java:788) [netty-transport-4.1.92.Final.jar:4.1.92.Final]
	at io.netty.channel.nio.NioEventLoop.processSelectedKeysOptimized(NioEventLoop.java:724) [netty-transport-4.1.92.Final.jar:4.1.92.Final]
	at io.netty.channel.nio.NioEventLoop.processSelectedKeys(NioEventLoop.java:650) [netty-transport-4.1.92.Final.jar:4.1.92.Final]
	at io.netty.channel.nio.NioEventLoop.run(NioEventLoop.java:562) [netty-transport-4.1.92.Final.jar:4.1.92.Final]
	at io.netty.util.concurrent.SingleThreadEventExecutor$4.run(SingleThreadEventExecutor.java:997) [netty-common-4.1.92.Final.jar:4.1.92.Final]
	at io.netty.util.internal.ThreadExecutorMap$2.run(ThreadExecutorMap.java:74) [netty-common-4.1.92.Final.jar:4.1.92.Final]
	at io.netty.util.concurrent.FastThreadLocalRunnable.run(FastThreadLocalRunnable.java:30) [netty-common-4.1.92.Final.jar:4.1.92.Final]
	at java.lang.Thread.run(Thread.java:833) [?:?]
10:52:35.049 [main] INFO  testCases.TC_001_AccountRegistrationtTest - ***  Starting TC_001_AccountRegistrationTest ***
10:52:35.114 [main] INFO  testCases.TC_001_AccountRegistrationtTest - Clicked on My account link
10:52:36.279 [main] INFO  testCases.TC_001_AccountRegistrationtTest - Clicked on register link
10:52:36.281 [main] INFO  testCases.TC_001_AccountRegistrationtTest - Providing customer data
10:52:37.058 [main] INFO  testCases.TC_001_AccountRegistrationtTest - Clicked on continue
10:52:37.084 [main] INFO  testCases.TC_001_AccountRegistrationtTest - Validating expected message
10:52:37.086 [main] INFO  testCases.TC_001_AccountRegistrationtTest - ***  Finished TC_001_AccountRegistrationTest ***
10:52:41.341 [main] INFO  testCases.TC_002_LoginTest - Starting TC_002_LoginTest
10:52:42.292 [main] INFO  testCases.TC_002_LoginTest -  Finished TC_002_LoginTest
11:03:49.183 [main] INFO  testCases.TC_003_LoginDataDrivenTest -  Starting TC_003_LoginDataDrivenTest 
11:03:50.720 [main] INFO  testCases.TC_003_LoginDataDrivenTest -  Starting TC_003_LoginDataDrivenTest 
11:04:01.425 [main] INFO  testCases.TC_003_LoginDataDrivenTest -  Finished TC_003_LoginDataDrivenTest
11:04:01.425 [main] INFO  testCases.TC_003_LoginDataDrivenTest -  Starting TC_003_LoginDataDrivenTest 
11:04:13.069 [main] INFO  testCases.TC_003_LoginDataDrivenTest -  Finished TC_003_LoginDataDrivenTest
11:04:13.085 [main] INFO  testCases.TC_003_LoginDataDrivenTest -  Starting TC_003_LoginDataDrivenTest 
11:04:24.267 [main] INFO  testCases.TC_003_LoginDataDrivenTest -  Finished TC_003_LoginDataDrivenTest
11:04:24.273 [main] INFO  testCases.TC_003_LoginDataDrivenTest -  Starting TC_003_LoginDataDrivenTest 
11:04:26.897 [main] INFO  testCases.TC_003_LoginDataDrivenTest -  Finished TC_003_LoginDataDrivenTest
11:15:04.292 [main] INFO  testCases.TC_001_AccountRegistrationtTest - ***  Starting TC_001_AccountRegistrationTest ***
11:15:04.362 [main] INFO  testCases.TC_001_AccountRegistrationtTest - Clicked on My account link
11:15:06.449 [main] INFO  testCases.TC_001_AccountRegistrationtTest - Clicked on register link
11:15:06.451 [main] INFO  testCases.TC_001_AccountRegistrationtTest - Providing customer data
11:15:07.291 [main] INFO  testCases.TC_001_AccountRegistrationtTest - Clicked on continue
11:15:07.317 [main] INFO  testCases.TC_001_AccountRegistrationtTest - Validating expected message
11:15:07.318 [main] INFO  testCases.TC_001_AccountRegistrationtTest - ***  Finished TC_001_AccountRegistrationTest ***
11:15:16.982 [main] INFO  testCases.TC_002_LoginTest - Starting TC_002_LoginTest
11:15:18.125 [main] INFO  testCases.TC_002_LoginTest -  Finished TC_002_LoginTest
15:27:14.214 [main] INFO  testCases.TC_003_LoginDataDrivenTest -  Starting TC_003_LoginDataDrivenTest 
15:27:17.149 [AsyncHttpClient-1-4] WARN  org.asynchttpclient.netty.handler.WebSocketHandler - onError
java.net.SocketException: Connection reset
	at sun.nio.ch.SocketChannelImpl.throwConnectionReset(SocketChannelImpl.java:394) ~[?:?]
	at sun.nio.ch.SocketChannelImpl.read(SocketChannelImpl.java:426) ~[?:?]
	at io.netty.buffer.PooledByteBuf.setBytes(PooledByteBuf.java:256) ~[netty-buffer-4.1.92.Final.jar:4.1.92.Final]
	at io.netty.buffer.AbstractByteBuf.writeBytes(AbstractByteBuf.java:1132) ~[netty-buffer-4.1.92.Final.jar:4.1.92.Final]
	at io.netty.channel.socket.nio.NioSocketChannel.doReadBytes(NioSocketChannel.java:357) ~[netty-transport-4.1.92.Final.jar:4.1.92.Final]
	at io.netty.channel.nio.AbstractNioByteChannel$NioByteUnsafe.read(AbstractNioByteChannel.java:151) [netty-transport-4.1.92.Final.jar:4.1.92.Final]
	at io.netty.channel.nio.NioEventLoop.processSelectedKey(NioEventLoop.java:788) [netty-transport-4.1.92.Final.jar:4.1.92.Final]
	at io.netty.channel.nio.NioEventLoop.processSelectedKeysOptimized(NioEventLoop.java:724) [netty-transport-4.1.92.Final.jar:4.1.92.Final]
	at io.netty.channel.nio.NioEventLoop.processSelectedKeys(NioEventLoop.java:650) [netty-transport-4.1.92.Final.jar:4.1.92.Final]
	at io.netty.channel.nio.NioEventLoop.run(NioEventLoop.java:562) [netty-transport-4.1.92.Final.jar:4.1.92.Final]
	at io.netty.util.concurrent.SingleThreadEventExecutor$4.run(SingleThreadEventExecutor.java:997) [netty-common-4.1.92.Final.jar:4.1.92.Final]
	at io.netty.util.internal.ThreadExecutorMap$2.run(ThreadExecutorMap.java:74) [netty-common-4.1.92.Final.jar:4.1.92.Final]
	at io.netty.util.concurrent.FastThreadLocalRunnable.run(FastThreadLocalRunnable.java:30) [netty-common-4.1.92.Final.jar:4.1.92.Final]
	at java.lang.Thread.run(Thread.java:833) [?:?]
15:28:25.807 [main] INFO  testCases.TC_003_LoginDataDrivenTest -  Starting TC_003_LoginDataDrivenTest 
15:28:27.867 [main] INFO  testCases.TC_003_LoginDataDrivenTest -  Starting TC_003_LoginDataDrivenTest 
15:28:39.130 [main] INFO  testCases.TC_003_LoginDataDrivenTest -  Finished TC_003_LoginDataDrivenTest
15:28:39.130 [main] INFO  testCases.TC_003_LoginDataDrivenTest -  Starting TC_003_LoginDataDrivenTest 
15:28:50.415 [main] INFO  testCases.TC_003_LoginDataDrivenTest -  Finished TC_003_LoginDataDrivenTest
15:28:50.415 [main] INFO  testCases.TC_003_LoginDataDrivenTest -  Starting TC_003_LoginDataDrivenTest 
15:29:07.416 [main] INFO  testCases.TC_003_LoginDataDrivenTest -  Finished TC_003_LoginDataDrivenTest
15:29:07.416 [main] INFO  testCases.TC_003_LoginDataDrivenTest -  Starting TC_003_LoginDataDrivenTest 
15:29:23.174 [main] INFO  testCases.TC_003_LoginDataDrivenTest -  Finished TC_003_LoginDataDrivenTest
15:37:03.316 [main] INFO  testCases.TC_003_LoginDataDrivenTest -  Starting TC_003_LoginDataDrivenTest 
15:37:05.738 [main] INFO  testCases.TC_003_LoginDataDrivenTest -  Starting TC_003_LoginDataDrivenTest 
15:37:16.969 [main] INFO  testCases.TC_003_LoginDataDrivenTest -  Finished TC_003_LoginDataDrivenTest
15:37:16.971 [main] INFO  testCases.TC_003_LoginDataDrivenTest -  Starting TC_003_LoginDataDrivenTest 
15:37:28.894 [main] INFO  testCases.TC_003_LoginDataDrivenTest -  Finished TC_003_LoginDataDrivenTest
15:37:28.894 [main] INFO  testCases.TC_003_LoginDataDrivenTest -  Starting TC_003_LoginDataDrivenTest 
15:37:43.758 [main] INFO  testCases.TC_003_LoginDataDrivenTest -  Finished TC_003_LoginDataDrivenTest
15:37:43.758 [main] INFO  testCases.TC_003_LoginDataDrivenTest -  Starting TC_003_LoginDataDrivenTest 
15:37:49.381 [main] INFO  testCases.TC_003_LoginDataDrivenTest -  Finished TC_003_LoginDataDrivenTest
15:38:54.074 [main] INFO  testCases.TC_002_LoginTest - Starting TC_002_LoginTest
15:38:55.884 [main] INFO  testCases.TC_002_LoginTest -  Finished TC_002_LoginTest
15:41:21.689 [main] INFO  testCases.TC_002_LoginTest - Starting TC_002_LoginTest
15:41:23.266 [main] INFO  testCases.TC_002_LoginTest -  Finished TC_002_LoginTest
15:43:29.590 [main] INFO  testCases.TC_002_LoginTest - Starting TC_002_LoginTest
15:43:31.315 [main] INFO  testCases.TC_002_LoginTest -  Finished TC_002_LoginTest
15:43:56.288 [main] INFO  testCases.TC_002_LoginTest - Starting TC_002_LoginTest
15:43:57.800 [main] INFO  testCases.TC_002_LoginTest -  Finished TC_002_LoginTest
